<?xml version="1.0" encoding="UTF-8"?>
<!-- Generated by org.testng.reporters.JUnitXMLReporter -->
<testsuite hostname="user-PC" ignored="0" name="Default test" tests="2" failures="0" timestamp="11 Apr 2020 19:40:06 GMT" time="73.107" errors="0">
  <testcase name="validLoginTest" time="20.531" classname="com.OrangeCrm.automation.testCases.TestCases"/>
  <testcase name="validateMultiLogin" time="22.868" classname="com.OrangeCrm.automation.testCases.TestCases"/>
</testsuite> <!-- Default test -->
