<?xml version="1.0" encoding="UTF-8"?>
<!-- Generated by org.testng.reporters.JUnitXMLReporter -->
<testsuite hostname="user-PC" ignored="0" name="Default test" tests="3" failures="0" timestamp="11 Apr 2020 11:41:48 GMT" time="65.03" errors="0">
  <testcase name="testCustomeWebElement" time="26.044" classname="com.OrangeCrm.automation.testCases.TestCases"/>
  <testcase name="validLoginTest" time="9.029" classname="com.OrangeCrm.automation.testCases.TestCases"/>
  <testcase name="validateMultiLogin" time="11.711" classname="com.OrangeCrm.automation.testCases.TestCases"/>
</testsuite> <!-- Default test -->
